апр. 20, 2023 3:09:19 AM server.services.ScriptManager <init>
INFO: Initializing script manager starting.
апр. 20, 2023 3:09:19 AM server.services.ScriptManager <init>
INFO: Initializing script manager finished.
апр. 20, 2023 3:09:19 AM server.commands.Invoker <init>
INFO: Initializing invoker starting.
апр. 20, 2023 3:09:19 AM server.db.DataBaseProvider loadDataBase
INFO: Data base is loading.
апр. 20, 2023 3:09:19 AM server.db.DataBaseProvider loadDataBase
INFO: HashSet created.
апр. 20, 2023 3:09:19 AM server.db.DataBaseProvider loadDataBase
INFO: Successfully loaded 6 items.
апр. 20, 2023 3:09:19 AM server.services.HistoryManager <init>
INFO: HistoryManager initialized.
апр. 20, 2023 3:09:19 AM server.commands.Invoker init
INFO: Initializing commands starting.
апр. 20, 2023 3:09:19 AM server.commands.Invoker init
INFO: Initializing commands finished.
апр. 20, 2023 3:09:19 AM server.commands.Invoker <init>
INFO: Initializing invoker finished.
апр. 20, 2023 3:09:23 AM server.commands.Invoker execute
INFO: Command *help* is executing.
апр. 20, 2023 3:09:23 AM server.services.HistoryManager addCommandToHistory
INFO: Command was added to history manager.
апр. 20, 2023 3:09:23 AM server.commands.Invoker execute
INFO: Command *help* executed.
апр. 20, 2023 3:09:24 AM server.commands.Invoker execute
INFO: Command *info* is executing.
апр. 20, 2023 3:09:24 AM server.dao.HumanDaoImpl info
INFO: Info about set got.
апр. 20, 2023 3:09:24 AM server.commands.list.InfoCommand execute
INFO: Info was shown.
апр. 20, 2023 3:09:24 AM server.services.HistoryManager addCommandToHistory
INFO: Command was added to history manager.
апр. 20, 2023 3:09:24 AM server.commands.Invoker execute
INFO: Command *info* executed.
апр. 20, 2023 3:09:29 AM server.commands.Invoker execute
INFO: Command *history* is executing.
апр. 20, 2023 3:09:29 AM server.services.HistoryManager addCommandToHistory
INFO: Command was added to history manager.
апр. 20, 2023 3:09:29 AM server.commands.Invoker execute
INFO: Command *history* executed.
апр. 20, 2023 3:09:39 AM server.commands.Invoker execute
INFO: Command *execute_script* is executing.
апр. 20, 2023 3:09:39 AM server.services.ScriptManager addToScripts
INFO: Script *script* is added to script list.
апр. 20, 2023 3:09:39 AM server.commands.Invoker init
INFO: Initializing commands starting.
апр. 20, 2023 3:09:39 AM server.commands.Invoker init
INFO: Initializing commands finished.
апр. 20, 2023 3:09:39 AM server.commands.list.ExecuteScriptCommand execute
INFO: Executing file *script*.
апр. 20, 2023 3:09:39 AM server.commands.list.ExecuteScriptCommand execute
INFO: Executing file *script*.
апр. 20, 2023 3:09:39 AM server.commands.Invoker execute
INFO: Command *add* is executing.
апр. 20, 2023 3:09:39 AM server.services.HistoryManager addCommandToHistory
INFO: Command was added to history manager.
апр. 20, 2023 3:09:39 AM server.commands.Invoker execute
INFO: Command *add* executed.
апр. 20, 2023 3:09:39 AM server.commands.Invoker execute
WARNING: The command you entered was not recognized.
апр. 20, 2023 3:09:39 AM server.commands.list.ExecuteScriptCommand execute
INFO: Met new script. Executing.
апр. 20, 2023 3:09:39 AM server.commands.list.ExecuteScriptCommand execute
INFO: Met new script. Executing.
апр. 20, 2023 3:09:39 AM server.services.ScriptManager addToScripts
INFO: Script *script* is added to script list.
апр. 20, 2023 3:09:39 AM server.commands.Invoker execute
INFO: Command *execute_script* is executing.
апр. 20, 2023 3:09:39 AM server.services.ScriptManager addToScripts
INFO: Script *script* is added to script list.
апр. 20, 2023 3:09:39 AM server.commands.list.ExecuteScriptCommand execute
SEVERE: \home\alex\Документы\code\java\lab-5-num-125595\src\main\resources\scripts\script (Системе не удается найти указанный путь)
апр. 20, 2023 3:09:39 AM server.commands.list.ExecuteScriptCommand execute
SEVERE: \home\alex\Документы\code\java\lab-5-num-125595\src\main\resources\scripts\script (Системе не удается найти указанный путь)
апр. 20, 2023 3:09:39 AM server.services.HistoryManager addCommandToHistory
INFO: Command was added to history manager.
апр. 20, 2023 3:09:39 AM server.commands.Invoker execute
INFO: Command *execute_script* executed.
апр. 20, 2023 3:09:39 AM server.commands.Invoker init
INFO: Initializing commands starting.
апр. 20, 2023 3:09:39 AM server.commands.Invoker init
INFO: Initializing commands finished.
апр. 20, 2023 3:09:39 AM server.services.ScriptManager clearScripts
INFO: Script history cleared.
апр. 20, 2023 3:09:39 AM server.services.HistoryManager addCommandToHistory
INFO: Command was added to history manager.
апр. 20, 2023 3:09:39 AM server.commands.Invoker execute
INFO: Command *execute_script* executed.
апр. 20, 2023 3:09:45 AM server.commands.Invoker execute
INFO: Command *help* is executing.
апр. 20, 2023 3:09:45 AM server.services.HistoryManager addCommandToHistory
INFO: Command was added to history manager.
апр. 20, 2023 3:09:45 AM server.commands.Invoker execute
INFO: Command *help* executed.
апр. 20, 2023 3:10:03 AM server.commands.Invoker execute
INFO: Command *show* is executing.
апр. 20, 2023 3:10:03 AM server.commands.list.ShowCommand execute
INFO: 7 elements was shown.
апр. 20, 2023 3:10:03 AM server.commands.list.ShowCommand execute
INFO: 7 elements was shown.
апр. 20, 2023 3:10:03 AM server.commands.list.ShowCommand execute
INFO: 7 elements was shown.
апр. 20, 2023 3:10:03 AM server.services.HistoryManager addCommandToHistory
INFO: Command was added to history manager.
апр. 20, 2023 3:10:03 AM server.commands.Invoker execute
INFO: Command *show* executed.
апр. 20, 2023 3:10:08 AM server.commands.Invoker execute
INFO: Command *remove_by_id* is executing.
апр. 20, 2023 3:10:08 AM server.dao.HumanDaoImpl deleteHumanById
WARNING: [0;93mHumanBeing with id - 222 not found[0m
апр. 20, 2023 3:10:08 AM server.services.HistoryManager addCommandToHistory
INFO: Command was added to history manager.
апр. 20, 2023 3:10:08 AM server.commands.Invoker execute
INFO: Command *remove_by_id* executed.
апр. 20, 2023 3:10:13 AM server.commands.Invoker execute
INFO: Command *remove_by_id* is executing.
апр. 20, 2023 3:10:13 AM server.dao.HumanDaoImpl deleteHumanById
INFO: HumanBeing with id - 1 was deleted.
апр. 20, 2023 3:10:13 AM server.services.HistoryManager addCommandToHistory
INFO: Command was added to history manager.
апр. 20, 2023 3:10:13 AM server.commands.Invoker execute
INFO: Command *remove_by_id* executed.
апр. 20, 2023 3:10:18 AM server.commands.Invoker execute
INFO: Command *clear* is executing.
апр. 20, 2023 3:10:18 AM server.dao.HumanDaoImpl clear
INFO: 6 elements was deleted.
апр. 20, 2023 3:10:18 AM server.services.HistoryManager addCommandToHistory
INFO: Command was added to history manager.
апр. 20, 2023 3:10:18 AM server.commands.Invoker execute
INFO: Command *clear* executed.
апр. 20, 2023 3:10:28 AM server.commands.Invoker execute
INFO: Command *save* is executing.
апр. 20, 2023 3:10:28 AM server.db.DataBaseProvider save
INFO: Saving data base is starting.
апр. 20, 2023 3:10:28 AM server.db.DataBaseProvider save
INFO: Successfully saved 0 items.
апр. 20, 2023 3:10:28 AM server.services.HistoryManager addCommandToHistory
INFO: Command was added to history manager.
апр. 20, 2023 3:10:28 AM server.commands.Invoker execute
INFO: Command *save* executed.
